<?xml version="1.0" encoding="utf-8" standalone="no"?>
<!--This file represents the results of running a test suite-->
<test-results name="C:\Users\abraidwood\Documents\Visual Studio 2012\Projects\MathQuiz\MathQuiz.Test\bin\Debug\MathQuiz.Test.dll" total="1" errors="0" failures="0" not-run="0" inconclusive="0" ignored="0" skipped="0" invalid="0" date="2014-10-10" time="08:54:53">
  <environment nunit-version="2.6.3.13283" clr-version="2.0.50727.5483" os-version="Microsoft Windows NT 6.1.7601 Service Pack 1" platform="Win32NT" cwd="C:\Program Files (x86)\NUnit 2.6.3\bin" machine-name="ALEX-PC" user="abraidwood" user-domain="KASSLAW" />
  <culture-info current-culture="en-US" current-uiculture="en-US" />
  <test-suite type="Assembly" name="C:\Users\abraidwood\Documents\Visual Studio 2012\Projects\MathQuiz\MathQuiz.Test\bin\Debug\MathQuiz.Test.dll" executed="True" result="Success" success="True" time="0.065" asserts="0">
    <results>
      <test-suite type="Namespace" name="MathQuiz" executed="True" result="Success" success="True" time="0.050" asserts="0">
        <results>
          <test-suite type="Namespace" name="Test" executed="True" result="Success" success="True" time="0.049" asserts="0">
            <results>
              <test-suite type="TestFixture" name="TestClass" executed="True" result="Success" success="True" time="0.048" asserts="0">
                <results>
                  <test-suite type="ParameterizedTest" name="TwoPlusTwoEqualsFour" executed="True" result="Success" success="True" time="0.041" asserts="0">
                    <results>
                      <test-case name="MathQuiz.Test.TestClass.TwoPlusTwoEqualsFour()" executed="True" result="Success" success="True" time="0.035" asserts="1" />
                    </results>
                  </test-suite>
                </results>
              </test-suite>
            </results>
          </test-suite>
        </results>
      </test-suite>
    </results>
  </test-suite>
</test-results>